Started by user [8mha:////4ADWvw7Z30LjSDk0cFxbG8nOVngb6DKhW3InVr5O3XLlAAAAlx+LCAAAAAAAAP9b85aBtbiIQTGjNKU4P08vOT+vOD8nVc83PyU1x6OyILUoJzMv2y+/JJUBAhiZGBgqihhk0NSjKDWzXb3RdlLBUSYGJk8GtpzUvPSSDB8G5tKinBIGIZ+sxLJE/ZzEvHT94JKizLx0a6BxUmjGOUNodHsLgAzWEgZu/dLi1CL9xJTczDwAj6GcLcAAAAA=[0madmin
[Wed Jul 12 18:17:17 GMT 2017] Starting branch indexing...
 > git rev-parse --is-inside-work-tree # timeout=10
Setting origin to https://github.com/fewbits/jenkins-lab.git
 > git config remote.origin.url https://github.com/fewbits/jenkins-lab.git # timeout=10
Fetching origin...
Fetching upstream changes from origin
 > git --version # timeout=10
 > git fetch --tags --progress origin +refs/heads/*:refs/remotes/origin/*
Setting http proxy: 10.130.214.242:3128
 > git ls-remote --symref https://github.com/fewbits/jenkins-lab.git # timeout=10
 > git rev-parse --is-inside-work-tree # timeout=10
Setting origin to https://github.com/fewbits/jenkins-lab.git
 > git config remote.origin.url https://github.com/fewbits/jenkins-lab.git # timeout=10
Fetching & pruning origin...
Fetching upstream changes from origin
 > git --version # timeout=10
 > git fetch --tags --progress origin +refs/heads/*:refs/remotes/origin/* --prune
Getting remote branches...
Seen branch in repository origin/master
Seen 1 remote branch
Checking branch master
      ‘Jenkinsfile’ found
Met criteria
No changes detected: master (still at 09644caab0711ed5471206e05554e98489eb2121)
Done.
[Wed Jul 12 18:17:19 GMT 2017] Finished branch indexing. Indexing took 2.1 sec
Finished: SUCCESS
